<?xml version="1.0" encoding="UTF-8"?>
<testsuite name="com.learning.parking.domain.ParkingFeeCalculatorTest" tests="2" skipped="0" failures="0" errors="0" timestamp="2026-06-03T13:02:48.436Z" hostname="Shreyass-MacBook-Pro.local" time="0.018">
  <properties/>
  <testcase name="car first hour costs 3000 cents()" classname="com.learning.parking.domain.ParkingFeeCalculatorTest" time="0.018"/>
  <testcase name="car extra hour adds half base rate()" classname="com.learning.parking.domain.ParkingFeeCalculatorTest" time="0.0"/>
  <system-out><![CDATA[]]></system-out>
  <system-err><![CDATA[]]></system-err>
</testsuite>
